<?xml version="1.0" encoding="UTF-8"?>
<testng-results skipped="0" failed="0" total="0" passed="0">
  <reporter-output>
  </reporter-output>
  <suite name="Garage_Reservation.Garage_Reservation.AppTest" duration-ms="2" started-at="2019-09-05T06:12:41Z" finished-at="2019-09-05T06:12:41Z">
    <groups>
    </groups>
    <test name="Command line test" duration-ms="2" started-at="2019-09-05T06:12:41Z" finished-at="2019-09-05T06:12:41Z">
    </test> <!-- Command line test -->
  </suite> <!-- Garage_Reservation.Garage_Reservation.AppTest -->
</testng-results>
